[2020-07-13 16:38:28,438] - AnalyzePDB - INFO - Logger Initialized
[2020-07-13 16:38:28,438] - AnalyzePDB - INFO - outDirectory: /home/dtn067/CryoEMCovariance/ddMatrices
[2020-07-13 16:38:29,040] - AnalyzePDB.ComparePDB - INFO - Removing side chains for 2XA7.pdb
[2020-07-13 16:38:29,040] - AnalyzePDB.ComparePDB - INFO - Stripping down to alpha carbons for 2XA7.pdb
[2020-07-13 16:38:29,049] - AnalyzePDB.ComparePDB - INFO - Removing side chains for 2VGL.pdb
[2020-07-13 16:38:29,049] - AnalyzePDB.ComparePDB - INFO - Stripping down to alpha carbons for 2VGL.pdb
[2020-07-13 16:38:30,981] - AnalyzePDB - INFO - Redundant Residues detected: Computing with Atom Numbers instead
[2020-07-13 16:38:30,981] - AnalyzePDB - INFO - Recognizing common chain A
[2020-07-13 16:38:30,981] - AnalyzePDB - INFO - Recognizing common chain B
[2020-07-13 16:38:30,981] - AnalyzePDB - INFO - Recognizing common chain M
[2020-07-13 16:38:30,981] - AnalyzePDB - INFO - Recognizing common chain S
[2020-07-13 16:38:31,080] - AnalyzePDB - INFO - Redundant Residues detected: Computing with Atom Numbers instead
[2020-07-13 16:38:31,084] - AnalyzePDB - INFO - Detected the following chains common to all pdb files:
[2020-07-13 16:38:31,084] - AnalyzePDB - INFO - Chain: A Max Residue: 4728
[2020-07-13 16:38:31,084] - AnalyzePDB - INFO - Chain: B Max Residue: 9428
[2020-07-13 16:38:31,085] - AnalyzePDB - INFO - Chain: M Max Residue: 12773
[2020-07-13 16:38:31,085] - AnalyzePDB - INFO - Chain: S Max Residue: 14108
[2020-07-13 16:38:31,085] - AnalyzePDB - INFO - Calculating distance matrix for: /home/dtn067/CryoEMCovariance/ddMatrices/2XA7Formatted.pdb
[2020-07-13 16:40:03,672] - AnalyzePDB - INFO - Calculating distance matrix for: /home/dtn067/CryoEMCovariance/ddMatrices/2VGLFormatted.pdb
[2020-07-13 16:41:35,465] - AnalyzePDB.GenerateDifferenceMatrix - INFO - Saving difference matrix to: /home/dtn067/CryoEMCovariance/ddMatrices/2XA7_Minus_2VGL.npy
[2020-07-13 16:41:35,585] - AnalyzePDB - INFO - Generating covariance index to residue pair map
[2020-07-13 16:41:44,511] - AnalyzePDB.PlotGenerator - INFO - Computation complete, plot outputted to: /home/dtn067/CryoEMCovariance/ddMatrices/2XA7_Minus_2VGL.html
[2020-07-13 16:41:44,768] - AnalyzePDB - INFO - Generating covariance matrix
[2020-07-13 16:41:45,559] - AnalyzePDB - WARNING - Covariance Matrix is too small to generate submatrices.
[2020-07-13 16:41:45,559] - AnalyzePDB - INFO - Choosing scale of: 1407003.0
[2020-07-13 16:41:45,559] - AnalyzePDB - ERROR - Dimensions of Covariance Matrix are too small to plot.
[2020-07-13 16:41:45,559] - AnalyzePDB - WARNING - Covariance Matrix is too small to generate a plot interface
[2020-07-13 16:41:45,559] - AnalyzePDB - INFO - Reference used: 2XA7.pdb
[2020-07-13 16:41:45,560] - AnalyzePDB - INFO - 171.81071576000798
[2020-07-13 16:41:45,560] - AnalyzePDB - INFO - Total Computation Time: 197.12975788116455 seconds
