[2020-11-26 00:39:24,034] - AnalyzePDB - INFO - Logger Initialized
[2020-11-26 00:39:24,034] - AnalyzePDB - INFO - outDirectory: /home/dtn067/CryoEMCovariance/Initial5/ddMatrices
[2020-11-26 00:39:24,500] - AnalyzePDB.ComparePDB - INFO - Removing side chains for 4FKP.pdb
[2020-11-26 00:39:24,500] - AnalyzePDB.ComparePDB - INFO - Stripping down to alpha carbons for 4FKP.pdb
[2020-11-26 00:39:24,505] - AnalyzePDB.ComparePDB - INFO - Removing side chains for 5IF1.pdb
[2020-11-26 00:39:24,505] - AnalyzePDB.ComparePDB - INFO - Stripping down to alpha carbons for 5IF1.pdb
[2020-11-26 00:39:24,509] - AnalyzePDB.ComparePDB - INFO - Removing side chains for 4FKU.pdb
[2020-11-26 00:39:24,510] - AnalyzePDB.ComparePDB - INFO - Stripping down to alpha carbons for 4FKU.pdb
[2020-11-26 00:39:24,514] - AnalyzePDB.ComparePDB - INFO - Removing side chains for 5A14.pdb
[2020-11-26 00:39:24,514] - AnalyzePDB.ComparePDB - INFO - Stripping down to alpha carbons for 5A14.pdb
[2020-11-26 00:39:24,518] - AnalyzePDB.ComparePDB - INFO - Removing side chains for 4FKO.pdb
[2020-11-26 00:39:24,519] - AnalyzePDB.ComparePDB - INFO - Stripping down to alpha carbons for 4FKO.pdb
[2020-11-26 00:39:25,993] - AnalyzePDB - INFO - Recognizing common chain A
[2020-11-26 00:39:26,170] - AnalyzePDB - INFO - Detected the following chains common to all pdb files:
[2020-11-26 00:39:26,170] - AnalyzePDB - INFO - Chain: A Max Residue: 296
[2020-11-26 00:39:26,170] - AnalyzePDB - INFO - Calculating distance matrix for: /home/dtn067/CryoEMCovariance/Initial5/ddMatrices/4FKPFormatted.pdb
[2020-11-26 00:39:28,852] - AnalyzePDB - INFO - Calculating distance matrix for: /home/dtn067/CryoEMCovariance/Initial5/ddMatrices/5IF1Formatted.pdb
[2020-11-26 00:39:31,547] - AnalyzePDB - INFO - Calculating distance matrix for: /home/dtn067/CryoEMCovariance/Initial5/ddMatrices/4FKUFormatted.pdb
[2020-11-26 00:39:34,423] - AnalyzePDB - INFO - Calculating distance matrix for: /home/dtn067/CryoEMCovariance/Initial5/ddMatrices/5A14Formatted.pdb
[2020-11-26 00:39:37,119] - AnalyzePDB - INFO - Calculating distance matrix for: /home/dtn067/CryoEMCovariance/Initial5/ddMatrices/4FKOFormatted.pdb
[2020-11-26 00:39:39,820] - AnalyzePDB.GenerateDifferenceMatrix - INFO - Saving difference matrix to: /home/dtn067/CryoEMCovariance/Initial5/ddMatrices/4FKP_Minus_5IF1.npy
[2020-11-26 00:39:39,831] - AnalyzePDB.GenerateDifferenceMatrix - INFO - Saving difference matrix to: /home/dtn067/CryoEMCovariance/Initial5/ddMatrices/4FKP_Minus_4FKU.npy
[2020-11-26 00:39:39,841] - AnalyzePDB.GenerateDifferenceMatrix - INFO - Saving difference matrix to: /home/dtn067/CryoEMCovariance/Initial5/ddMatrices/4FKP_Minus_5A14.npy
[2020-11-26 00:39:39,849] - AnalyzePDB.GenerateDifferenceMatrix - INFO - Saving difference matrix to: /home/dtn067/CryoEMCovariance/Initial5/ddMatrices/4FKP_Minus_4FKO.npy
[2020-11-26 00:39:39,856] - AnalyzePDB - INFO - Generating covariance index to residue pair map
[2020-11-26 00:39:39,872] - AnalyzePDB - INFO - Choosing scale of: 10
[2020-11-26 00:39:40,112] - AnalyzePDB.PlotGenerator - INFO - Computation complete, plot outputted to: /home/dtn067/CryoEMCovariance/Initial5/ddMatrices/4FKP_Minus_5IF1.html
[2020-11-26 00:39:40,331] - AnalyzePDB.PlotGenerator - INFO - Computation complete, plot outputted to: /home/dtn067/CryoEMCovariance/Initial5/ddMatrices/4FKP_Minus_4FKU.html
[2020-11-26 00:39:40,550] - AnalyzePDB.PlotGenerator - INFO - Computation complete, plot outputted to: /home/dtn067/CryoEMCovariance/Initial5/ddMatrices/4FKP_Minus_5A14.html
[2020-11-26 00:39:40,768] - AnalyzePDB.PlotGenerator - INFO - Computation complete, plot outputted to: /home/dtn067/CryoEMCovariance/Initial5/ddMatrices/4FKP_Minus_4FKO.html
[2020-11-26 00:39:40,805] - AnalyzePDB - INFO - Generating covariance matrix
[2020-11-26 00:39:40,819] - AnalyzePDB - INFO - Reference used: 4FKP.pdb
[2020-11-26 00:39:40,819] - AnalyzePDB - INFO - [[ 0.08763466 -0.00535195  0.07919169 ...  0.00637878  0.02358759
   0.02117322]
 [-0.00535195  0.02721844  0.09132102 ... -0.00926679  0.00112314
   0.00868576]
 [ 0.07919169  0.09132102  0.44451583 ... -0.02121168  0.03282372
   0.0487054 ]
 ...
 [ 0.00637878 -0.00926679 -0.02121168 ...  0.00417507  0.00125391
  -0.00275309]
 [ 0.02358759  0.00112314  0.03282372 ...  0.00125391  0.00678149
   0.00615897]
 [ 0.02117322  0.00868576  0.0487054  ... -0.00275309  0.00615897
   0.01010039]]
[2020-11-26 00:39:40,820] - AnalyzePDB - INFO - Total Computation Time: 16.78977680206299 seconds
[2020-11-26 00:39:43,762] - AnalyzePDB.DashboardServer - INFO - Reading npy matrices from: /home/dtn067/CryoEMCovariance/Initial5/ddMatrices
[2020-11-26 00:39:43,789] - AnalyzePDB.DashboardServer - INFO - Loading CovarianceMatrix.npy
[2020-11-26 00:39:43,791] - AnalyzePDB.DashboardServer - INFO - Loaded CovarianceMatrix.npy
[2020-11-26 00:39:43,799] - AnalyzePDB.DashboardServer - INFO - Saving the scaled index mapping to: /home/dtn067/CryoEMCovariance/Initial5/scaledIndexMap.npy
[2020-11-26 00:39:43,800] - AnalyzePDB.DashboardServer - INFO - Determining axis scaling.
[2020-11-26 00:39:43,801] - AnalyzePDB.DashboardServer - INFO - Creating initial figure
[2020-11-26 00:39:43,803] - AnalyzePDB.DashboardServer - INFO - Creating initial primary plot
[2020-11-26 00:39:43,805] - AnalyzePDB.DashboardServer - INFO - Creating initial secondary plot
